c:\users\jangsohee\documents\visual studio 2013\projects\algo\algo\debug\vc120.pdb
c:\users\jangsohee\documents\visual studio 2013\projects\algo\algo\debug\vc120.idb
c:\users\jangsohee\documents\visual studio 2013\projects\algo\algo\debug\1799_비숍.obj
c:\users\jangsohee\documents\visual studio 2013\projects\algo\algo\debug\2178_미로탐색.obj
c:\users\jangsohee\documents\visual studio 2013\projects\algo\algo\debug\피라미드방탐험.obj
c:\users\jangsohee\documents\visual studio 2013\projects\algo\algo\debug\1924_2007년.obj
c:\users\jangsohee\documents\visual studio 2013\projects\algo\algo\debug\10039_평균점수.obj
c:\users\jangsohee\documents\visual studio 2013\projects\algo\algo\debug\10707_수도요금.obj
c:\users\jangsohee\documents\visual studio 2013\projects\algo\algo\debug\10026_적록색약.obj
c:\users\jangsohee\documents\visual studio 2013\projects\algo\algo\debug\2643_색종이올려놓기.obj
c:\users\jangsohee\documents\visual studio 2013\projects\algo\algo\debug\1.obj
c:\users\jangsohee\documents\visual studio 2013\projects\algo\algo\debug\2660_회장뽑기.obj
c:\users\jangsohee\documents\visual studio 2013\projects\algo\algo\debug\jumpgame.obj
c:\users\jangsohee\documents\visual studio 2013\projects\algo\algo\debug\wildcard.obj
c:\users\jangsohee\documents\visual studio 2013\projects\algo\algo\debug\scv.obj
c:\users\jangsohee\documents\visual studio 2013\projects\algo\algo\debug\seat.obj
c:\users\jangsohee\documents\visual studio 2013\projects\algo\algo\debug\3023_마술사이민혁.obj
c:\users\jangsohee\documents\visual studio 2013\projects\algo\algo\debug\1963_소수경로.obj
c:\users\jangsohee\documents\visual studio 2013\projects\algo\algo\debug\3055_탈출.obj
c:\users\jangsohee\documents\visual studio 2013\projects\algo\algo\debug\___1149_rgb거리.obj
c:\users\jangsohee\documents\visual studio 2013\projects\algo\algo\debug\계단오르기.obj
c:\users\jangsohee\documents\visual studio 2013\projects\algo\algo\debug\3035_피터팬프레임.obj
c:\users\jangsohee\documents\visual studio 2013\projects\algo\algo\debug\1325_효율적인해킹.obj
c:\users\jangsohee\documents\visual studio 2013\projects\algo\algo\debug\5014_면접에늦었다.obj
c:\users\jangsohee\documents\visual studio 2013\projects\algo\algo\debug\2193_이친수.obj
c:\users\jangsohee\documents\visual studio 2013\projects\algo\algo\debug\11068_회문인숫자.obj
c:\users\jangsohee\documents\visual studio 2013\projects\algo\algo\debug\___1799_비숍.obj
c:\users\jangsohee\documents\visual studio 2013\projects\algo\algo\debug\럭키넘.obj
c:\users\jangsohee\documents\visual studio 2013\projects\algo\algo\debug\윤목의달인.obj
c:\users\jangsohee\documents\visual studio 2013\projects\algo\algo\debug\유클리드호제법.obj
c:\users\jangsohee\documents\visual studio 2013\projects\algo\algo\debug\재귀_계단오르기.obj
c:\users\jangsohee\documents\visual studio 2013\projects\algo\algo\debug\특별한4자리정수.obj
c:\users\jangsohee\documents\visual studio 2013\projects\algo\algo\debug\tobin.obj
c:\users\jangsohee\documents\visual studio 2013\projects\algo\algo\debug\mt.obj
c:\users\jangsohee\documents\visual studio 2013\projects\algo\algo\debug\비트패턴.obj
c:\users\jangsohee\documents\visual studio 2013\projects\algo\algo\debug\팔씨름운동회.obj
c:\users\jangsohee\documents\visual studio 2013\projects\algo\algo\debug\point.obj
c:\users\jangsohee\documents\visual studio 2013\projects\algo\algo\debug\7576_토마토.obj
c:\users\jangsohee\documents\visual studio 2013\projects\algo\algo\debug\해적.obj
c:\users\jangsohee\documents\visual studio 2013\projects\algo\algo\debug\1463_1로만들기.obj
c:\users\jangsohee\documents\visual studio 2013\projects\algo\algo\debug\2252_줄세우기.obj
c:\users\jangsohee\documents\visual studio 2013\projects\algo\algo\debug\2151_거울설치.obj
c:\users\jangsohee\documents\visual studio 2013\projects\algo\algo\debug\2842_집배원한상덕.obj
c:\users\jangsohee\documents\visual studio 2013\projects\algo\algo\debug\1113_119구급대.obj
c:\users\jangsohee\documents\visual studio 2013\projects\algo\algo\debug\열려있는라커.obj
c:\users\jangsohee\documents\visual studio 2013\projects\algo\algo\debug\방속의거울.obj
c:\users\jangsohee\documents\visual studio 2013\projects\algo\debug\algo.ilk
c:\users\jangsohee\documents\visual studio 2013\projects\algo\debug\algo.exe
c:\users\jangsohee\documents\visual studio 2013\projects\algo\debug\algo.pdb
c:\users\jangsohee\documents\visual studio 2013\projects\algo\algo\debug\algo.tlog\cl.command.1.tlog
c:\users\jangsohee\documents\visual studio 2013\projects\algo\algo\debug\algo.tlog\cl.read.1.tlog
c:\users\jangsohee\documents\visual studio 2013\projects\algo\algo\debug\algo.tlog\cl.write.1.tlog
c:\users\jangsohee\documents\visual studio 2013\projects\algo\algo\debug\algo.tlog\link.command.1.tlog
c:\users\jangsohee\documents\visual studio 2013\projects\algo\algo\debug\algo.tlog\link.read.1.tlog
c:\users\jangsohee\documents\visual studio 2013\projects\algo\algo\debug\algo.tlog\link.write.1.tlog
